<?xml version="1.0" encoding="UTF-8"?>
<coverage generated="1622648927840" clover="3.2.0">
  <project timestamp="1622648927840" name="All files">
    <metrics statements="27" coveredstatements="25" conditionals="4" coveredconditionals="4" methods="11" coveredmethods="9" elements="42" coveredelements="38" complexity="0" loc="27" ncloc="27" packages="1" files="4" classes="4"/>
    <file name="chunk.js" path="C:\Users\SumithE\Desktop\Jest - TechTalk\Demo\Jest_Testing_Basic\chunk.js">
      <metrics statements="9" coveredstatements="9" conditionals="4" coveredconditionals="4" methods="2" coveredmethods="2"/>
      <line num="1" count="1" type="stmt"/>
      <line num="2" count="1" type="stmt"/>
      <line num="4" count="1" type="stmt"/>
      <line num="5" count="10" type="stmt"/>
      <line num="7" count="10" type="cond" truecount="4" falsecount="0"/>
      <line num="8" count="5" type="stmt"/>
      <line num="10" count="5" type="stmt"/>
      <line num="14" count="1" type="stmt"/>
      <line num="19" count="1" type="stmt"/>
    </file>
    <file name="functions.js" path="C:\Users\SumithE\Desktop\Jest - TechTalk\Demo\Jest_Testing_Basic\functions.js">
      <metrics statements="10" coveredstatements="9" conditionals="0" coveredconditionals="0" methods="5" coveredmethods="4"/>
      <line num="2" count="1" type="stmt"/>
      <line num="4" count="1" type="stmt"/>
      <line num="5" count="2" type="stmt"/>
      <line num="7" count="1" type="stmt"/>
      <line num="8" count="1" type="stmt"/>
      <line num="9" count="1" type="stmt"/>
      <line num="12" count="1" type="stmt"/>
      <line num="14" count="1" type="stmt"/>
      <line num="15" count="0" type="stmt"/>
      <line num="17" count="1" type="stmt"/>
    </file>
    <file name="mock-function.js" path="C:\Users\SumithE\Desktop\Jest - TechTalk\Demo\Jest_Testing_Basic\mock-function.js">
      <metrics statements="5" coveredstatements="4" conditionals="0" coveredconditionals="0" methods="3" coveredmethods="2"/>
      <line num="1" count="1" type="stmt"/>
      <line num="4" count="1" type="stmt"/>
      <line num="5" count="1" type="stmt"/>
      <line num="6" count="0" type="stmt"/>
      <line num="9" count="1" type="stmt"/>
    </file>
    <file name="reversestring.js" path="C:\Users\SumithE\Desktop\Jest - TechTalk\Demo\Jest_Testing_Basic\reversestring.js">
      <metrics statements="3" coveredstatements="3" conditionals="0" coveredconditionals="0" methods="1" coveredmethods="1"/>
      <line num="1" count="1" type="stmt"/>
      <line num="2" count="2" type="stmt"/>
      <line num="8" count="1" type="stmt"/>
    </file>
  </project>
</coverage>
